<?xml version="1.0" encoding="UTF-8"?>
<testsuite xmlns:xsi="http://www.w3.org/2001/XMLSchema-instance" xsi:noNamespaceSchemaLocation="https://maven.apache.org/surefire/maven-surefire-plugin/xsd/surefire-test-report.xsd" name="org.tektutor.TestRunner" time="1.499" tests="2" errors="0" skipped="0" failures="0">
  <properties>
[...]
</properties>
  <testcase name="Should be able to add new training objects via POST." classname="Develop a RESTful API that supports CRUD operations for Training object. The training object will contain an id, name and duration fields. Where id is int, while name and duration are string fields." time="1.168"/>
  <testcase name="Should be able to update training objects via PUT." classname="Develop a RESTful API that supports CRUD operations for Training object. The training object will contain an id, name and duration fields. Where id is int, while name and duration are string fields." time="0.058"/>
</testsuite>